Started by user [8mha:////4F0XTXi/hXJJC7tFBq5SbTjdiTwz8l6FSmVlCwVLruT1AAAAnB+LCAAAAAAAAP9b85aBtbiIQTGjNKU4P08vOT+vOD8nVc83PyU1x6OyILUoJzMv2y+/JJUBAhiZGBgqihhk0NSjKDWzXb3RdlLBUSYGJk8GtpzUvPSSDB8G5tKinBIGIZ+sxLJE/ZzEvHT94JKizLx0a6BxUmjGOUNodHsLgAzuEgYB/dLi1CL9zJzKxJzUkszkDABDr6q+xQAAAA==[0mIlya Letich
Running as SYSTEM
–°–æ–±–∏—Ä–∞–µ—Ç—Å—è —É–¥–∞–ª–µ–Ω–Ω–æ –Ω–∞ [8mha:////4A3KA2k330tBMyalFnXymoqL9qmflREzTkAEY12iA8iHAAAAoB+LCAAAAAAAAP9b85aBtbiIQTGjNKU4P08vOT+vOD8nVc83PyU1x6OyILUoJzMv2y+/JJUBAhiZGBgqihhk0NSjKDWzXb3RdlLBUSYGJk8GtpzUvPSSDB8G5tKinBIGIZ+sxLJE/ZzEvHT94JKizLx0a6BxUmjGOUNodHsLgAyuEgYR/eT83ILSktQifc+cykSf1JLM5AwATe8KC8kAAAA=[0mIlyaLetich (ff yandex x64 win 10) in workspace C:\slave\workspace\I Can Win
The recommended git tool is: NONE
No credentials specified
Cloning the remote Git repository
Cloning repository https://github.com/IlyaLetich/QA-EPAM.git
 > git.exe init C:\slave\workspace\I Can Win # timeout=10
Fetching upstream changes from https://github.com/IlyaLetich/QA-EPAM.git
 > git.exe --version # timeout=10
 > git --version # 'git version 2.42.0.windows.2'
 > git.exe fetch --tags --force --progress -- https://github.com/IlyaLetich/QA-EPAM.git +refs/heads/*:refs/remotes/origin/* # timeout=10
 > git.exe config remote.origin.url https://github.com/IlyaLetich/QA-EPAM.git # timeout=10
 > git.exe config --add remote.origin.fetch +refs/heads/*:refs/remotes/origin/* # timeout=10
Avoid second fetch
 > git.exe rev-parse "refs/remotes/origin/main^{commit}" # timeout=10
Checking out Revision b76e8e88b73b8ecd626f4213498a9b986e9f65d9 (refs/remotes/origin/main)
 > git.exe config core.sparsecheckout # timeout=10
 > git.exe checkout -f b76e8e88b73b8ecd626f4213498a9b986e9f65d9 # timeout=10
Commit message: "1"
 > git.exe rev-list --no-walk b76e8e88b73b8ecd626f4213498a9b986e9f65d9 # timeout=10
Unpacking https://repo.maven.apache.org/maven2/org/apache/maven/apache-maven/3.9.5/apache-maven-3.9.5-bin.zip to C:\slave\tools\hudson.tasks.Maven_MavenInstallation\3.9.5 on IlyaLetich
[I Can Win] $ cmd.exe /C "C:\slave\tools\hudson.tasks.Maven_MavenInstallation\3.9.5\bin\mvn.cmd -f lab05/helloci-master/Java/pom.xml test && exit %%ERRORLEVEL%%"
[INFO] Scanning for projects...
[INFO] 
[INFO] ---------------< com.github.vitalliuss.helloci:hello-ci >---------------
[INFO] Building hello-ci 1.0-SNAPSHOT
[INFO]   from pom.xml
[INFO] --------------------------------[ jar ]---------------------------------
Downloading from central: https://repo.maven.apache.org/maven2/org/apache/maven/plugins/maven-surefire-plugin/3.0.0-M1/maven-surefire-plugin-3.0.0-M1.pom
Progress (1): 1.4/6.4 kBProgress (1): 2.8/6.4 kBProgress (1): 4.1/6.4 kBProgress (1): 5.5/6.4 kBProgress (1): 6.4 kB                        Downloaded from central: https://repo.maven.apache.org/maven2/org/apache/maven/plugins/maven-surefire-plugin/3.0.0-M1/maven-surefire-plugin-3.0.0-M1.pom (6.4 kB at 15 kB/s)
Downloading from central: https://repo.maven.apache.org/maven2/org/apache/maven/surefire/surefire/3.0.0-M1/surefire-3.0.0-M1.pom
Progress (1): 1.4/22 kBProgress (1): 2.8/22 kBProgress (1): 4.1/22 kBProgress (1): 5.5/22 kBProgress (1): 6.9/22 kBProgress (1): 8.3/22 kBProgress (1): 9.7/22 kBProgress (1): 11/22 kB Progress (1): 12/22 kBProgress (1): 14/22 kBProgress (1): 15/22 kBProgress (1): 16/22 kBProgress (1): 17/22 kBProgress (1): 19/22 kBProgress (1): 20/22 kBProgress (1): 21/22 kBProgress (1): 22 kB                      Downloaded from central: https://repo.maven.apache.org/maven2/org/apache/maven/surefire/surefire/3.0.0-M1/surefire-3.0.0-M1.pom (22 kB at 337 kB/s)
Downloading from central: https://repo.maven.apache.org/maven2/org/apache/maven/plugins/maven-surefire-plugin/3.0.0-M1/maven-surefire-plugin-3.0.0-M1.jar
Progress (1): 16/40 kBProgress (1): 33/40 kBProgress (1): 40 kB                      Downloaded from central: https://repo.maven.apache.org/maven2/org/apache/maven/plugins/maven-surefire-plugin/3.0.0-M1/maven-surefire-plugin-3.0.0-M1.jar (40 kB at 689 kB/s)
Downloading from central: https://repo.maven.apache.org/maven2/junit/junit/4.13.2/junit-4.13.2.pom
Progress (1): 16/27 kBProgress (1): 27 kB                      Downloaded from central: https://repo.maven.apache.org/maven2/junit/junit/4.13.2/junit-4.13.2.pom (27 kB at 693 kB/s)
Downloading from central: https://repo.maven.apache.org/maven2/org/hamcrest/hamcrest-core/1.3/hamcrest-core-1.3.pom
Progress (1): 766 B                   Downloaded from central: https://repo.maven.apache.org/maven2/org/hamcrest/hamcrest-core/1.3/hamcrest-core-1.3.pom (766 B at 21 kB/s)
Downloading from central: https://repo.maven.apache.org/maven2/org/hamcrest/hamcrest-parent/1.3/hamcrest-parent-1.3.pom
Progress (1): 2.0 kB                    Downloaded from central: https://repo.maven.apache.org/maven2/org/hamcrest/hamcrest-parent/1.3/hamcrest-parent-1.3.pom (2.0 kB at 56 kB/s)
Downloading from central: https://repo.maven.apache.org/maven2/junit/junit/4.13.2/junit-4.13.2.jar
Progress (1): 16/385 kBProgress (1): 33/385 kBProgress (1): 49/385 kBProgress (1): 66/385 kBProgress (1): 82/385 kBProgress (1): 98/385 kBProgress (1): 115/385 kBProgress (1): 131/385 kBProgress (1): 147/385 kBProgress (1): 164/385 kBProgress (1): 180/385 kBProgress (1): 197/385 kBProgress (1): 213/385 kBProgress (1): 229/385 kBProgress (1): 246/385 kBProgress (1): 256/385 kBProgress (1): 272/385 kBProgress (1): 289/385 kBProgress (1): 305/385 kBProgress (1): 321/385 kBProgress (1): 338/385 kBProgress (1): 354/385 kBProgress (1): 370/385 kBProgress (1): 385 kB                        Downloaded from central: https://repo.maven.apache.org/maven2/junit/junit/4.13.2/junit-4.13.2.jar (385 kB at 2.9 MB/s)
Downloading from central: https://repo.maven.apache.org/maven2/org/hamcrest/hamcrest-core/1.3/hamcrest-core-1.3.jar
Progress (1): 16/45 kBProgress (1): 33/45 kBProgress (1): 45 kB                      Downloaded from central: https://repo.maven.apache.org/maven2/org/hamcrest/hamcrest-core/1.3/hamcrest-core-1.3.jar (45 kB at 1.1 MB/s)
[INFO] 
[INFO] --- resources:3.3.1:resources (default-resources) @ hello-ci ---
[INFO] skip non existing resourceDirectory C:\slave\workspace\I Can Win\lab05\helloci-master\Java\src\main\resources
[INFO] 
[INFO] --- compiler:3.11.0:compile (default-compile) @ hello-ci ---
[INFO] Changes detected - recompiling the module! :source
[INFO] Compiling 2 source files with javac [debug target 1.8] to target\classes
[8mha:////4HShl2mLCNNDFMXdHroRlywM6gE4deXQx9e7G9vln9V8AAAAYh+LCAAAAAAAAP9b85aBtbiIQSWjNKU4P0+vJLE4u1gvPjexLDVPzxdEhicW5WXmpfvll6SeOJwgmrt9CSsTA0NFEYMUVEtyfl5xfk6qnjOEBilkgABGkMICAEQzmI1iAAAA[0m[WARNING] bootstrap class path not set in conjunction with -source 8
[8mha:////4HShl2mLCNNDFMXdHroRlywM6gE4deXQx9e7G9vln9V8AAAAYh+LCAAAAAAAAP9b85aBtbiIQSWjNKU4P0+vJLE4u1gvPjexLDVPzxdEhicW5WXmpfvll6SeOJwgmrt9CSsTA0NFEYMUVEtyfl5xfk6qnjOEBilkgABGkMICAEQzmI1iAAAA[0m[WARNING] source value 8 is obsolete and will be removed in a future release
[8mha:////4HShl2mLCNNDFMXdHroRlywM6gE4deXQx9e7G9vln9V8AAAAYh+LCAAAAAAAAP9b85aBtbiIQSWjNKU4P0+vJLE4u1gvPjexLDVPzxdEhicW5WXmpfvll6SeOJwgmrt9CSsTA0NFEYMUVEtyfl5xfk6qnjOEBilkgABGkMICAEQzmI1iAAAA[0m[WARNING] target value 8 is obsolete and will be removed in a future release
[8mha:////4HShl2mLCNNDFMXdHroRlywM6gE4deXQx9e7G9vln9V8AAAAYh+LCAAAAAAAAP9b85aBtbiIQSWjNKU4P0+vJLE4u1gvPjexLDVPzxdEhicW5WXmpfvll6SeOJwgmrt9CSsTA0NFEYMUVEtyfl5xfk6qnjOEBilkgABGkMICAEQzmI1iAAAA[0m[WARNING] To suppress warnings about obsolete options, use -Xlint:-options.
[INFO] 
[INFO] --- resources:3.3.1:testResources (default-testResources) @ hello-ci ---
[INFO] skip non existing resourceDirectory C:\slave\workspace\I Can Win\lab05\helloci-master\Java\src\test\resources
[INFO] 
[INFO] --- compiler:3.11.0:testCompile (default-testCompile) @ hello-ci ---
[INFO] Changes detected - recompiling the module! :dependency
[INFO] Compiling 1 source file with javac [debug target 1.8] to target\test-classes
[8mha:////4HShl2mLCNNDFMXdHroRlywM6gE4deXQx9e7G9vln9V8AAAAYh+LCAAAAAAAAP9b85aBtbiIQSWjNKU4P0+vJLE4u1gvPjexLDVPzxdEhicW5WXmpfvll6SeOJwgmrt9CSsTA0NFEYMUVEtyfl5xfk6qnjOEBilkgABGkMICAEQzmI1iAAAA[0m[WARNING] bootstrap class path not set in conjunction with -source 8
[8mha:////4HShl2mLCNNDFMXdHroRlywM6gE4deXQx9e7G9vln9V8AAAAYh+LCAAAAAAAAP9b85aBtbiIQSWjNKU4P0+vJLE4u1gvPjexLDVPzxdEhicW5WXmpfvll6SeOJwgmrt9CSsTA0NFEYMUVEtyfl5xfk6qnjOEBilkgABGkMICAEQzmI1iAAAA[0m[WARNING] source value 8 is obsolete and will be removed in a future release
[8mha:////4HShl2mLCNNDFMXdHroRlywM6gE4deXQx9e7G9vln9V8AAAAYh+LCAAAAAAAAP9b85aBtbiIQSWjNKU4P0+vJLE4u1gvPjexLDVPzxdEhicW5WXmpfvll6SeOJwgmrt9CSsTA0NFEYMUVEtyfl5xfk6qnjOEBilkgABGkMICAEQzmI1iAAAA[0m[WARNING] target value 8 is obsolete and will be removed in a future release
[8mha:////4HShl2mLCNNDFMXdHroRlywM6gE4deXQx9e7G9vln9V8AAAAYh+LCAAAAAAAAP9b85aBtbiIQSWjNKU4P0+vJLE4u1gvPjexLDVPzxdEhicW5WXmpfvll6SeOJwgmrt9CSsTA0NFEYMUVEtyfl5xfk6qnjOEBilkgABGkMICAEQzmI1iAAAA[0m[WARNING] To suppress warnings about obsolete options, use -Xlint:-options.
[INFO] 
[INFO] --- surefire:3.0.0-M1:test (default-test) @ hello-ci ---
Downloading from central: https://repo.maven.apache.org/maven2/org/apache/maven/surefire/maven-surefire-common/3.0.0-M1/maven-surefire-common-3.0.0-M1.pom
Progress (1): 9.7 kB                    Downloaded from central: https://repo.maven.apache.org/maven2/org/apache/maven/surefire/maven-surefire-common/3.0.0-M1/maven-surefire-common-3.0.0-M1.pom (9.7 kB at 262 kB/s)
Downloading from central: https://repo.maven.apache.org/maven2/org/apache/maven/surefire/surefire-api/3.0.0-M1/surefire-api-3.0.0-M1.pom
Progress (1): 3.5 kB                    Downloaded from central: https://repo.maven.apache.org/maven2/org/apache/maven/surefire/surefire-api/3.0.0-M1/surefire-api-3.0.0-M1.pom (3.5 kB at 84 kB/s)
Downloading from central: https://repo.maven.apache.org/maven2/org/apache/maven/surefire/surefire-logger-api/3.0.0-M1/surefire-logger-api-3.0.0-M1.pom
Progress (1): 2.0 kB                    Downloaded from central: https://repo.maven.apache.org/maven2/org/apache/maven/surefire/surefire-logger-api/3.0.0-M1/surefire-logger-api-3.0.0-M1.pom (2.0 kB at 52 kB/s)
Downloading from central: https://repo.maven.apache.org/maven2/org/apache/maven/surefire/surefire-booter/3.0.0-M1/surefire-booter-3.0.0-M1.pom
Progress (1): 7.4 kB                    Downloaded from central: https://repo.maven.apache.org/maven2/org/apache/maven/surefire/surefire-booter/3.0.0-M1/surefire-booter-3.0.0-M1.pom (7.4 kB at 210 kB/s)
Downloading from central: https://repo.maven.apache.org/maven2/org/apache/maven/maven-toolchain/3.0-alpha-2/maven-toolchain-3.0-alpha-2.pom
Progress (1): 2.2 kB                    Downloaded from central: https://repo.maven.apache.org/maven2/org/apache/maven/maven-toolchain/3.0-alpha-2/maven-toolchain-3.0-alpha-2.pom (2.2 kB at 46 kB/s)
Downloading from central: https://repo.maven.apache.org/maven2/org/apache/maven/maven/3.0-alpha-2/maven-3.0-alpha-2.pom
Progress (1): 16/21 kBProgress (1): 21 kB                      Downloaded from central: https://repo.maven.apache.org/maven2/org/apache/maven/maven/3.0-alpha-2/maven-3.0-alpha-2.pom (21 kB at 521 kB/s)
Downloading from central: https://repo.maven.apache.org/maven2/org/apache/maven/maven-compat/3.0/maven-compat-3.0.pom
Progress (1): 4.0 kB                    Downloaded from central: https://repo.maven.apache.org/maven2/org/apache/maven/maven-compat/3.0/maven-compat-3.0.pom (4.0 kB at 106 kB/s)
Downloading from central: https://repo.maven.apache.org/maven2/org/apache/maven/wagon/wagon-provider-api/1.0-beta-6/wagon-provider-api-1.0-beta-6.pom
Progress (1): 1.8 kB                    Downloaded from central: https://repo.maven.apache.org/maven2/org/apache/maven/wagon/wagon-provider-api/1.0-beta-6/wagon-provider-api-1.0-beta-6.pom (1.8 kB at 49 kB/s)
Downloading from central: https://repo.maven.apache.org/maven2/org/apache/maven/wagon/wagon/1.0-beta-6/wagon-1.0-beta-6.pom
Progress (1): 12 kB                   Downloaded from central: https://repo.maven.apache.org/maven2/org/apache/maven/wagon/wagon/1.0-beta-6/wagon-1.0-beta-6.pom (12 kB at 344 kB/s)
Downloading from central: https://repo.maven.apache.org/maven2/org/codehaus/plexus/plexus-utils/1.4.2/plexus-utils-1.4.2.pom
Progress (1): 2.0 kB                    Downloaded from central: https://repo.maven.apache.org/maven2/org/codehaus/plexus/plexus-utils/1.4.2/plexus-utils-1.4.2.pom (2.0 kB at 58 kB/s)
Downloading from central: https://repo.maven.apache.org/maven2/org/codehaus/plexus/plexus-java/0.9.11/plexus-java-0.9.11.pom
Progress (1): 4.6 kB                    Downloaded from central: https://repo.maven.apache.org/maven2/org/codehaus/plexus/plexus-java/0.9.11/plexus-java-0.9.11.pom (4.6 kB at 132 kB/s)
Downloading from central: https://repo.maven.apache.org/maven2/org/codehaus/plexus/plexus-languages/0.9.11/plexus-languages-0.9.11.pom
Progress (1): 4.1 kB                    Downloaded from central: https://repo.maven.apache.org/maven2/org/codehaus/plexus/plexus-languages/0.9.11/plexus-languages-0.9.11.pom (4.1 kB at 117 kB/s)
Downloading from central: https://repo.maven.apache.org/maven2/org/ow2/asm/asm/7.0-beta/asm-7.0-beta.pom
Progress (1): 2.9 kB                    Downloaded from central: https://repo.maven.apache.org/maven2/org/ow2/asm/asm/7.0-beta/asm-7.0-beta.pom (2.9 kB at 84 kB/s)
Downloading from central: https://repo.maven.apache.org/maven2/com/thoughtworks/qdox/qdox/2.0-M9/qdox-2.0-M9.pom
Progress (1): 16 kB                   Downloaded from central: https://repo.maven.apache.org/maven2/com/thoughtworks/qdox/qdox/2.0-M9/qdox-2.0-M9.pom (16 kB at 453 kB/s)
Downloading from central: https://repo.maven.apache.org/maven2/org/apache/maven/surefire/maven-surefire-common/3.0.0-M1/maven-surefire-common-3.0.0-M1.jar
Progress (1): 16/625 kBProgress (1): 32/625 kBProgress (1): 49/625 kBProgress (1): 65/625 kBProgress (1): 81/625 kBProgress (1): 98/625 kBProgress (1): 114/625 kBProgress (1): 131/625 kBProgress (1): 147/625 kBProgress (1): 163/625 kBProgress (1): 180/625 kBProgress (1): 196/625 kBProgress (1): 212/625 kBProgress (1): 229/625 kBProgress (1): 245/625 kBProgress (1): 262/625 kBProgress (1): 278/625 kBProgress (1): 294/625 kBProgress (1): 311/625 kBProgress (1): 327/625 kBProgress (1): 343/625 kBProgress (1): 360/625 kBProgress (1): 376/625 kBProgress (1): 393/625 kBProgress (1): 402/625 kBProgress (1): 418/625 kBProgress (1): 435/625 kBProgress (1): 451/625 kBProgress (1): 468/625 kBProgress (1): 484/625 kBProgress (1): 500/625 kBProgress (1): 517/625 kBProgress (1): 533/625 kBProgress (1): 549/625 kBProgress (1): 566/625 kBProgress (1): 582/625 kBProgress (1): 599/625 kBProgress (1): 615/625 kBProgress (1): 625 kB                        Downloaded from central: https://repo.maven.apache.org/maven2/org/apache/maven/surefire/maven-surefire-common/3.0.0-M1/maven-surefire-common-3.0.0-M1.jar (625 kB at 4.8 MB/s)
Downloading from central: https://repo.maven.apache.org/maven2/org/apache/maven/surefire/surefire-api/3.0.0-M1/surefire-api-3.0.0-M1.jar
Downloading from central: https://repo.maven.apache.org/maven2/org/apache/maven/surefire/surefire-logger-api/3.0.0-M1/surefire-logger-api-3.0.0-M1.jar
Downloading from central: https://repo.maven.apache.org/maven2/org/apache/maven/surefire/surefire-booter/3.0.0-M1/surefire-booter-3.0.0-M1.jar
Downloading from central: https://repo.maven.apache.org/maven2/org/apache/maven/maven-toolchain/3.0-alpha-2/maven-toolchain-3.0-alpha-2.jar
Downloading from central: https://repo.maven.apache.org/maven2/org/codehaus/plexus/plexus-utils/2.0.4/plexus-utils-2.0.4.jar
Progress (1): 16/178 kBProgress (1): 33/178 kBProgress (1): 49/178 kBProgress (1): 66/178 kBProgress (1): 82/178 kBProgress (1): 98/178 kBProgress (1): 115/178 kBProgress (1): 131/178 kBProgress (1): 147/178 kBProgress (1): 164/178 kBProgress (1): 178 kB                        Downloaded from central: https://repo.maven.apache.org/maven2/org/apache/maven/surefire/surefire-api/3.0.0-M1/surefire-api-3.0.0-M1.jar (178 kB at 3.3 MB/s)
Downloading from central: https://repo.maven.apache.org/maven2/org/codehaus/plexus/plexus-component-annotations/1.7.1/plexus-component-annotations-1.7.1.jar
Progress (1): 4.3 kB                    Downloaded from central: https://repo.maven.apache.org/maven2/org/codehaus/plexus/plexus-component-annotations/1.7.1/plexus-component-annotations-1.7.1.jar (4.3 kB at 48 kB/s)
Downloading from central: https://repo.maven.apache.org/maven2/org/apache/maven/maven-compat/3.0/maven-compat-3.0.jar
Progress (1): 1.4/13 kBProgress (1): 2.8/13 kBProgress (1): 4.1/13 kBProgress (1): 5.5/13 kBProgress (1): 6.9/13 kBProgress (1): 8.3/13 kBProgress (1): 9.7/13 kBProgress (1): 11/13 kB Progress (2): 11/13 kB | 1.4/36 kBProgress (2): 12/13 kB | 1.4/36 kBProgress (2): 12/13 kB | 2.8/36 kBProgress (2): 13 kB | 2.8/36 kB   Progress (2): 13 kB | 4.1/36 kBProgress (2): 13 kB | 5.5/36 kBProgress (2): 13 kB | 6.9/36 kBProgress (3): 13 kB | 6.9/36 kB | 16/222 kBProgress (3): 13 kB | 8.3/36 kB | 16/222 kBProgress (3): 13 kB | 9.7/36 kB | 16/222 kBProgress (3): 13 kB | 11/36 kB | 16/222 kB Progress (3): 13 kB | 12/36 kB | 16/222 kBProgress (3): 13 kB | 14/36 kB | 16/222 kBProgress (3): 13 kB | 15/36 kB | 16/222 kBProgress (3): 13 kB | 17/36 kB | 16/222 kB                                          Downloaded from central: https://repo.maven.apache.org/maven2/org/apache/maven/surefire/surefire-logger-api/3.0.0-M1/surefire-logger-api-3.0.0-M1.jar (13 kB at 128 kB/s)
Progress (2): 18/36 kB | 16/222 kB                                  Downloading from central: https://repo.maven.apache.org/maven2/org/apache/maven/wagon/wagon-provider-api/1.0-beta-6/wagon-provider-api-1.0-beta-6.jar
Progress (2): 19/36 kB | 16/222 kBProgress (2): 21/36 kB | 16/222 kBProgress (2): 22/36 kB | 16/222 kBProgress (2): 23/36 kB | 16/222 kBProgress (2): 25/36 kB | 16/222 kBProgress (2): 26/36 kB | 16/222 kBProgress (2): 28/36 kB | 16/222 kBProgress (2): 29/36 kB | 16/222 kBProgress (2): 29/36 kB | 33/222 kBProgress (2): 30/36 kB | 33/222 kBProgress (2): 32/36 kB | 33/222 kBProgress (2): 33/36 kB | 33/222 kBProgress (3): 33/36 kB | 33/222 kB | 16/312 kBProgress (3): 34/36 kB | 33/222 kB | 16/312 kBProgress (3): 36/36 kB | 33/222 kB | 16/312 kBProgress (3): 36 kB | 33/222 kB | 16/312 kB                                              Downloaded from central: https://repo.maven.apache.org/maven2/org/apache/maven/maven-toolchain/3.0-alpha-2/maven-toolchain-3.0-alpha-2.jar (36 kB at 322 kB/s)
Downloading from central: https://repo.maven.apache.org/maven2/org/codehaus/plexus/plexus-java/0.9.11/plexus-java-0.9.11.jar
Progress (2): 33/222 kB | 33/312 kBProgress (3): 33/222 kB | 33/312 kB | 16/285 kBProgress (3): 33/222 kB | 33/312 kB | 33/285 kBProgress (3): 33/222 kB | 33/312 kB | 49/285 kBProgress (3): 33/222 kB | 33/312 kB | 66/285 kBProgress (3): 33/222 kB | 33/312 kB | 82/285 kBProgress (3): 33/222 kB | 33/312 kB | 98/285 kBProgress (3): 49/222 kB | 33/312 kB | 98/285 kBProgress (3): 49/222 kB | 33/312 kB | 115/285 kBProgress (3): 49/222 kB | 33/312 kB | 131/285 kBProgress (3): 49/222 kB | 49/312 kB | 131/285 kBProgress (3): 66/222 kB | 49/312 kB | 131/285 kBProgress (3): 66/222 kB | 49/312 kB | 147/285 kBProgress (3): 66/222 kB | 49/312 kB | 164/285 kBProgress (3): 82/222 kB | 49/312 kB | 164/285 kBProgress (3): 82/222 kB | 49/312 kB | 180/285 kBProgress (3): 98/222 kB | 49/312 kB | 180/285 kBProgress (4): 98/222 kB | 49/312 kB | 180/285 kB | 16/53 kBProgress (4): 98/222 kB | 66/312 kB | 180/285 kB | 16/53 kBProgress (4): 98/222 kB | 66/312 kB | 197/285 kB | 16/53 kBProgress (5): 98/222 kB | 66/312 kB | 197/285 kB | 16/53 kB | 1.4/50 kBProgress (5): 98/222 kB | 66/312 kB | 197/285 kB | 16/53 kB | 2.8/50 kBProgress (5): 98/222 kB | 66/312 kB | 197/285 kB | 16/53 kB | 4.1/50 kBProgress (5): 98/222 kB | 66/312 kB | 197/285 kB | 16/53 kB | 5.5/50 kBProgress (5): 98/222 kB | 66/312 kB | 197/285 kB | 16/53 kB | 6.9/50 kBProgress (5): 98/222 kB | 66/312 kB | 213/285 kB | 16/53 kB | 6.9/50 kBProgress (5): 98/222 kB | 66/312 kB | 213/285 kB | 16/53 kB | 8.3/50 kBProgress (5): 98/222 kB | 66/312 kB | 213/285 kB | 16/53 kB | 9.7/50 kBProgress (5): 98/222 kB | 66/312 kB | 213/285 kB | 16/53 kB | 11/50 kB Progress (5): 98/222 kB | 82/312 kB | 213/285 kB | 16/53 kB | 11/50 kBProgress (5): 98/222 kB | 82/312 kB | 213/285 kB | 33/53 kB | 11/50 kBProgress (5): 98/222 kB | 82/312 kB | 213/285 kB | 33/53 kB | 12/50 kBProgress (5): 98/222 kB | 82/312 kB | 213/285 kB | 33/53 kB | 14/50 kBProgress (5): 98/222 kB | 82/312 kB | 213/285 kB | 33/53 kB | 15/50 kBProgress (5): 98/222 kB | 98/312 kB | 213/285 kB | 33/53 kB | 15/50 kBProgress (5): 98/222 kB | 98/312 kB | 213/285 kB | 49/53 kB | 15/50 kBProgress (5): 98/222 kB | 98/312 kB | 213/285 kB | 49/53 kB | 16/50 kBProgress (5): 98/222 kB | 98/312 kB | 213/285 kB | 53 kB | 16/50 kB   Progress (5): 98/222 kB | 115/312 kB | 213/285 kB | 53 kB | 16/50 kBProgress (5): 98/222 kB | 115/312 kB | 229/285 kB | 53 kB | 16/50 kBProgress (5): 98/222 kB | 115/312 kB | 229/285 kB | 53 kB | 32/50 kBProgress (5): 115/222 kB | 115/312 kB | 229/285 kB | 53 kB | 32/50 kBProgress (5): 115/222 kB | 115/312 kB | 229/285 kB | 53 kB | 49/50 kBProgress (5): 115/222 kB | 115/312 kB | 246/285 kB | 53 kB | 49/50 kBProgress (5): 115/222 kB | 115/312 kB | 246/285 kB | 53 kB | 50 kB   Progress (5): 131/222 kB | 115/312 kB | 246/285 kB | 53 kB | 50 kBProgress (5): 131/222 kB | 115/312 kB | 262/285 kB | 53 kB | 50 kBProgress (5): 147/222 kB | 115/312 kB | 262/285 kB | 53 kB | 50 kBProgress (5): 147/222 kB | 115/312 kB | 279/285 kB | 53 kB | 50 kBProgress (5): 164/222 kB | 115/312 kB | 279/285 kB | 53 kB | 50 kBProgress (5): 164/222 kB | 115/312 kB | 285 kB | 53 kB | 50 kB    Progress (5): 164/222 kB | 131/312 kB | 285 kB | 53 kB | 50 kBProgress (5): 164/222 kB | 147/312 kB | 285 kB | 53 kB | 50 kBProgress (5): 180/222 kB | 147/312 kB | 285 kB | 53 kB | 50 kB                                                              Downloaded from central: https://repo.maven.apache.org/maven2/org/apache/maven/wagon/wagon-provider-api/1.0-beta-6/wagon-provider-api-1.0-beta-6.jar (53 kB at 270 kB/s)
Progress (4): 197/222 kB | 147/312 kB | 285 kB | 50 kBProgress (4): 197/222 kB | 164/312 kB | 285 kB | 50 kBProgress (4): 213/222 kB | 164/312 kB | 285 kB | 50 kBProgress (4): 213/222 kB | 180/312 kB | 285 kB | 50 kB                                                      Downloading from central: https://repo.maven.apache.org/maven2/org/ow2/asm/asm/7.0-beta/asm-7.0-beta.jar
Progress (4): 222 kB | 180/312 kB | 285 kB | 50 kB                                                  Downloaded from central: https://repo.maven.apache.org/maven2/org/codehaus/plexus/plexus-java/0.9.11/plexus-java-0.9.11.jar (50 kB at 254 kB/s)
Downloaded from central: https://repo.maven.apache.org/maven2/org/apache/maven/maven-compat/3.0/maven-compat-3.0.jar (285 kB at 1.4 MB/s)
Downloading from central: https://repo.maven.apache.org/maven2/com/thoughtworks/qdox/qdox/2.0-M9/qdox-2.0-M9.jar
Downloaded from central: https://repo.maven.apache.org/maven2/org/codehaus/plexus/plexus-utils/2.0.4/plexus-utils-2.0.4.jar (222 kB at 1.1 MB/s)
Progress (1): 197/312 kBProgress (1): 213/312 kBProgress (1): 229/312 kBProgress (1): 246/312 kBProgress (2): 246/312 kB | 16/317 kBProgress (3): 246/312 kB | 16/317 kB | 16/114 kBProgress (3): 256/312 kB | 16/317 kB | 16/114 kBProgress (3): 256/312 kB | 33/317 kB | 16/114 kBProgress (3): 256/312 kB | 49/317 kB | 16/114 kBProgress (3): 256/312 kB | 49/317 kB | 33/114 kBProgress (3): 256/312 kB | 49/317 kB | 49/114 kBProgress (3): 256/312 kB | 66/317 kB | 49/114 kBProgress (3): 256/312 kB | 82/317 kB | 49/114 kBProgress (3): 256/312 kB | 98/317 kB | 49/114 kBProgress (3): 256/312 kB | 98/317 kB | 66/114 kBProgress (3): 256/312 kB | 115/317 kB | 66/114 kBProgress (3): 256/312 kB | 115/317 kB | 82/114 kBProgress (3): 256/312 kB | 131/317 kB | 82/114 kBProgress (3): 256/312 kB | 131/317 kB | 98/114 kBProgress (3): 256/312 kB | 147/317 kB | 98/114 kBProgress (3): 272/312 kB | 147/317 kB | 98/114 kBProgress (3): 272/312 kB | 164/317 kB | 98/114 kBProgress (3): 289/312 kB | 164/317 kB | 98/114 kBProgress (3): 305/312 kB | 164/317 kB | 98/114 kBProgress (3): 312 kB | 164/317 kB | 98/114 kB    Progress (3): 312 kB | 180/317 kB | 98/114 kB                                             Downloaded from central: https://repo.maven.apache.org/maven2/org/apache/maven/surefire/surefire-booter/3.0.0-M1/surefire-booter-3.0.0-M1.jar (312 kB at 1.1 MB/s)
Progress (2): 180/317 kB | 114 kBProgress (2): 197/317 kB | 114 kB                                 Downloaded from central: https://repo.maven.apache.org/maven2/org/ow2/asm/asm/7.0-beta/asm-7.0-beta.jar (114 kB at 404 kB/s)
Progress (1): 213/317 kBProgress (1): 229/317 kBProgress (1): 246/317 kBProgress (1): 262/317 kBProgress (1): 279/317 kBProgress (1): 295/317 kBProgress (1): 311/317 kBProgress (1): 317 kB                        Downloaded from central: https://repo.maven.apache.org/maven2/com/thoughtworks/qdox/qdox/2.0-M9/qdox-2.0-M9.jar (317 kB at 1.0 MB/s)
Downloading from central: https://repo.maven.apache.org/maven2/org/apache/maven/surefire/surefire-junit4/3.0.0-M1/surefire-junit4-3.0.0-M1.jar
Progress (1): 16/17 kBProgress (1): 17 kB                      Downloaded from central: https://repo.maven.apache.org/maven2/org/apache/maven/surefire/surefire-junit4/3.0.0-M1/surefire-junit4-3.0.0-M1.jar (17 kB at 151 kB/s)
Downloading from central: https://repo.maven.apache.org/maven2/org/apache/maven/surefire/surefire-junit4/3.0.0-M1/surefire-junit4-3.0.0-M1.pom
Progress (1): 1.7 kB                    Downloaded from central: https://repo.maven.apache.org/maven2/org/apache/maven/surefire/surefire-junit4/3.0.0-M1/surefire-junit4-3.0.0-M1.pom (1.7 kB at 29 kB/s)
Downloading from central: https://repo.maven.apache.org/maven2/org/apache/maven/surefire/surefire-providers/3.0.0-M1/surefire-providers-3.0.0-M1.pom
Progress (1): 2.5 kB                    Downloaded from central: https://repo.maven.apache.org/maven2/org/apache/maven/surefire/surefire-providers/3.0.0-M1/surefire-providers-3.0.0-M1.pom (2.5 kB at 40 kB/s)
Downloading from central: https://repo.maven.apache.org/maven2/org/apache/maven/surefire/common-junit4/3.0.0-M1/common-junit4-3.0.0-M1.pom
Progress (1): 2.1 kB                    Downloaded from central: https://repo.maven.apache.org/maven2/org/apache/maven/surefire/common-junit4/3.0.0-M1/common-junit4-3.0.0-M1.pom (2.1 kB at 19 kB/s)
Downloading from central: https://repo.maven.apache.org/maven2/org/apache/maven/surefire/common-junit3/3.0.0-M1/common-junit3-3.0.0-M1.pom
Progress (1): 1.6 kB                    Downloaded from central: https://repo.maven.apache.org/maven2/org/apache/maven/surefire/common-junit3/3.0.0-M1/common-junit3-3.0.0-M1.pom (1.6 kB at 12 kB/s)
Downloading from central: https://repo.maven.apache.org/maven2/org/apache/maven/surefire/common-java5/3.0.0-M1/common-java5-3.0.0-M1.pom
Progress (1): 3.1 kB                    Downloaded from central: https://repo.maven.apache.org/maven2/org/apache/maven/surefire/common-java5/3.0.0-M1/common-java5-3.0.0-M1.pom (3.1 kB at 22 kB/s)
Downloading from central: https://repo.maven.apache.org/maven2/org/apache/maven/surefire/common-java5/3.0.0-M1/common-java5-3.0.0-M1.jar
Downloading from central: https://repo.maven.apache.org/maven2/org/apache/maven/surefire/common-junit4/3.0.0-M1/common-junit4-3.0.0-M1.jar
Downloading from central: https://repo.maven.apache.org/maven2/org/apache/maven/surefire/common-junit3/3.0.0-M1/common-junit3-3.0.0-M1.jar
Progress (1): 16/32 kBProgress (2): 16/32 kB | 12 kBProgress (2): 32 kB | 12 kB   Progress (3): 32 kB | 12 kB | 16/28 kB                                      Downloaded from central: https://repo.maven.apache.org/maven2/org/apache/maven/surefire/common-junit3/3.0.0-M1/common-junit3-3.0.0-M1.jar (12 kB at 228 kB/s)
Downloaded from central: https://repo.maven.apache.org/maven2/org/apache/maven/surefire/common-java5/3.0.0-M1/common-java5-3.0.0-M1.jar (32 kB at 584 kB/s)
Progress (1): 28 kB                   Downloaded from central: https://repo.maven.apache.org/maven2/org/apache/maven/surefire/common-junit4/3.0.0-M1/common-junit4-3.0.0-M1.jar (28 kB at 113 kB/s)
[INFO] 
[INFO] -------------------------------------------------------
[INFO]  T E S T S
[INFO] -------------------------------------------------------
[INFO] Running com.github.vitalliuss.helloci.AppTest
[8mha:////4K3E9G5NOlmh/TyfkI32XnHslx0zlJ7o9O8p3ybz4XQQAAAAYB+LCAAAAAAAAP9b85aBtbiIQSmjNKU4P0+vJLE4u1gvPjexLDVPzxdEuhYV5Rf55Zek1m9pfpLfVWLNxMBQUcQgBdWQnJ9XnJ+TqucMoUEKGSCAEaSwAABqVhoSYAAAAA==[0m[ERROR] Tests run: 5, Failures: 1, Errors: 0, Skipped: 1, Time elapsed: 0.089 s <<< FAILURE! - in com.github.vitalliuss.helloci.AppTest
[8mha:////4K3E9G5NOlmh/TyfkI32XnHslx0zlJ7o9O8p3ybz4XQQAAAAYB+LCAAAAAAAAP9b85aBtbiIQSmjNKU4P0+vJLE4u1gvPjexLDVPzxdEuhYV5Rf55Zek1m9pfpLfVWLNxMBQUcQgBdWQnJ9XnJ+TqucMoUEKGSCAEaSwAABqVhoSYAAAAA==[0m[ERROR] testShouldBeFailed(com.github.vitalliuss.helloci.AppTest)  Time elapsed: 0.016 s  <<< FAILURE!
java.lang.AssertionError
	at com.github.vitalliuss.helloci.AppTest.testShouldBeFailed(AppTest.java:21)

[INFO] 
[INFO] Results:
[INFO] 
[8mha:////4K3E9G5NOlmh/TyfkI32XnHslx0zlJ7o9O8p3ybz4XQQAAAAYB+LCAAAAAAAAP9b85aBtbiIQSmjNKU4P0+vJLE4u1gvPjexLDVPzxdEuhYV5Rf55Zek1m9pfpLfVWLNxMBQUcQgBdWQnJ9XnJ+TqucMoUEKGSCAEaSwAABqVhoSYAAAAA==[0m[ERROR] Failures: 
[8mha:////4K3E9G5NOlmh/TyfkI32XnHslx0zlJ7o9O8p3ybz4XQQAAAAYB+LCAAAAAAAAP9b85aBtbiIQSmjNKU4P0+vJLE4u1gvPjexLDVPzxdEuhYV5Rf55Zek1m9pfpLfVWLNxMBQUcQgBdWQnJ9XnJ+TqucMoUEKGSCAEaSwAABqVhoSYAAAAA==[0m[ERROR]   AppTest.testShouldBeFailed:21
[INFO] 
[8mha:////4K3E9G5NOlmh/TyfkI32XnHslx0zlJ7o9O8p3ybz4XQQAAAAYB+LCAAAAAAAAP9b85aBtbiIQSmjNKU4P0+vJLE4u1gvPjexLDVPzxdEuhYV5Rf55Zek1m9pfpLfVWLNxMBQUcQgBdWQnJ9XnJ+TqucMoUEKGSCAEaSwAABqVhoSYAAAAA==[0m[ERROR] Tests run: 5, Failures: 1, Errors: 0, Skipped: 1
[INFO] 
[INFO] ------------------------------------------------------------------------
[INFO] BUILD FAILURE
[INFO] ------------------------------------------------------------------------
[INFO] Total time:  5.993 s
[INFO] Finished at: 2023-10-21T02:28:23+03:00
[INFO] ------------------------------------------------------------------------
[8mha:////4K3E9G5NOlmh/TyfkI32XnHslx0zlJ7o9O8p3ybz4XQQAAAAYB+LCAAAAAAAAP9b85aBtbiIQSmjNKU4P0+vJLE4u1gvPjexLDVPzxdEuhYV5Rf55Zek1m9pfpLfVWLNxMBQUcQgBdWQnJ9XnJ+TqucMoUEKGSCAEaSwAABqVhoSYAAAAA==[0m[ERROR] Failed to execute goal org.apache.maven.plugins:maven-surefire-plugin:3.0.0-M1:test (default-test) on project hello-ci: There are test failures.
[8mha:////4K3E9G5NOlmh/TyfkI32XnHslx0zlJ7o9O8p3ybz4XQQAAAAYB+LCAAAAAAAAP9b85aBtbiIQSmjNKU4P0+vJLE4u1gvPjexLDVPzxdEuhYV5Rf55Zek1m9pfpLfVWLNxMBQUcQgBdWQnJ9XnJ+TqucMoUEKGSCAEaSwAABqVhoSYAAAAA==[0m[ERROR] 
[8mha:////4K3E9G5NOlmh/TyfkI32XnHslx0zlJ7o9O8p3ybz4XQQAAAAYB+LCAAAAAAAAP9b85aBtbiIQSmjNKU4P0+vJLE4u1gvPjexLDVPzxdEuhYV5Rf55Zek1m9pfpLfVWLNxMBQUcQgBdWQnJ9XnJ+TqucMoUEKGSCAEaSwAABqVhoSYAAAAA==[0m[ERROR] Please refer to C:\slave\workspace\I Can Win\lab05\helloci-master\Java\target\surefire-reports for the individual test results.
[8mha:////4K3E9G5NOlmh/TyfkI32XnHslx0zlJ7o9O8p3ybz4XQQAAAAYB+LCAAAAAAAAP9b85aBtbiIQSmjNKU4P0+vJLE4u1gvPjexLDVPzxdEuhYV5Rf55Zek1m9pfpLfVWLNxMBQUcQgBdWQnJ9XnJ+TqucMoUEKGSCAEaSwAABqVhoSYAAAAA==[0m[ERROR] Please refer to dump files (if any exist) [date].dump, [date]-jvmRun[N].dump and [date].dumpstream.
[8mha:////4K3E9G5NOlmh/TyfkI32XnHslx0zlJ7o9O8p3ybz4XQQAAAAYB+LCAAAAAAAAP9b85aBtbiIQSmjNKU4P0+vJLE4u1gvPjexLDVPzxdEuhYV5Rf55Zek1m9pfpLfVWLNxMBQUcQgBdWQnJ9XnJ+TqucMoUEKGSCAEaSwAABqVhoSYAAAAA==[0m[ERROR] -> [Help 1]
[8mha:////4K3E9G5NOlmh/TyfkI32XnHslx0zlJ7o9O8p3ybz4XQQAAAAYB+LCAAAAAAAAP9b85aBtbiIQSmjNKU4P0+vJLE4u1gvPjexLDVPzxdEuhYV5Rf55Zek1m9pfpLfVWLNxMBQUcQgBdWQnJ9XnJ+TqucMoUEKGSCAEaSwAABqVhoSYAAAAA==[0m[ERROR] 
[8mha:////4K3E9G5NOlmh/TyfkI32XnHslx0zlJ7o9O8p3ybz4XQQAAAAYB+LCAAAAAAAAP9b85aBtbiIQSmjNKU4P0+vJLE4u1gvPjexLDVPzxdEuhYV5Rf55Zek1m9pfpLfVWLNxMBQUcQgBdWQnJ9XnJ+TqucMoUEKGSCAEaSwAABqVhoSYAAAAA==[0m[ERROR] To see the full stack trace of the errors, re-run Maven with the -e switch.
[8mha:////4K3E9G5NOlmh/TyfkI32XnHslx0zlJ7o9O8p3ybz4XQQAAAAYB+LCAAAAAAAAP9b85aBtbiIQSmjNKU4P0+vJLE4u1gvPjexLDVPzxdEuhYV5Rf55Zek1m9pfpLfVWLNxMBQUcQgBdWQnJ9XnJ+TqucMoUEKGSCAEaSwAABqVhoSYAAAAA==[0m[ERROR] Re-run Maven using the -X switch to enable full debug logging.
[8mha:////4K3E9G5NOlmh/TyfkI32XnHslx0zlJ7o9O8p3ybz4XQQAAAAYB+LCAAAAAAAAP9b85aBtbiIQSmjNKU4P0+vJLE4u1gvPjexLDVPzxdEuhYV5Rf55Zek1m9pfpLfVWLNxMBQUcQgBdWQnJ9XnJ+TqucMoUEKGSCAEaSwAABqVhoSYAAAAA==[0m[ERROR] 
[8mha:////4K3E9G5NOlmh/TyfkI32XnHslx0zlJ7o9O8p3ybz4XQQAAAAYB+LCAAAAAAAAP9b85aBtbiIQSmjNKU4P0+vJLE4u1gvPjexLDVPzxdEuhYV5Rf55Zek1m9pfpLfVWLNxMBQUcQgBdWQnJ9XnJ+TqucMoUEKGSCAEaSwAABqVhoSYAAAAA==[0m[ERROR] For more information about the errors and possible solutions, please read the following articles:
[8mha:////4K3E9G5NOlmh/TyfkI32XnHslx0zlJ7o9O8p3ybz4XQQAAAAYB+LCAAAAAAAAP9b85aBtbiIQSmjNKU4P0+vJLE4u1gvPjexLDVPzxdEuhYV5Rf55Zek1m9pfpLfVWLNxMBQUcQgBdWQnJ9XnJ+TqucMoUEKGSCAEaSwAABqVhoSYAAAAA==[0m[ERROR] [Help 1] http://cwiki.apache.org/confluence/display/MAVEN/MojoFailureException
Build step '–í—ã–∑–≤–∞—Ç—å —Ü–µ–ª–∏ Maven –≤–µ—Ä—Ö–Ω–µ–≥–æ —É—Ä–æ–≤–Ω—è  ' marked build as failure
Finished: FAILURE
